<?xml version="1.0" encoding="UTF-8"?>
<!-- Generated by org.testng.reporters.JUnitReportReporter -->
<testsuite skipped="0" hostname="yair-fdev" name="com.yair_f.globesweb.GoogleLoginTest3" tests="1" failures="0" timestamp="29 אוג 2019 16:08:16 GMT" time="10.202" errors="0">
  <testcase name="googleLogin" time="10.202" classname="com.yair_f.globesweb.GoogleLoginTest3"/>
</testsuite> <!-- com.yair_f.globesweb.GoogleLoginTest3 -->
