<?xml version="1.0" encoding="UTF-8"?>
<!-- Generated by org.testng.reporters.JUnitReportReporter -->
<testsuite skipped="0" hostname="yair-fdev" name="com.yair_f.yair_f.AddArticleToSaveListTest7" tests="1" failures="0" timestamp="20 אוג 2019 12:29:41 GMT" time="16.532" errors="0">
  <testcase name="addArticle" time="16.532" classname="com.yair_f.yair_f.AddArticleToSaveListTest7"/>
</testsuite> <!-- com.yair_f.yair_f.AddArticleToSaveListTest7 -->
