<?xml version="1.0" encoding="UTF-8"?>
<!-- Generated by org.testng.reporters.JUnitReportReporter -->
<testsuite skipped="0" hostname="yair-fdev" name="com.yair_f.globesweb.AddArticleToSaveListTest7" tests="1" failures="0" timestamp="29 אוג 2019 16:14:06 GMT" time="11.863" errors="0">
  <testcase name="addArticle" time="11.863" classname="com.yair_f.globesweb.AddArticleToSaveListTest7"/>
</testsuite> <!-- com.yair_f.globesweb.AddArticleToSaveListTest7 -->
