<?xml version="1.0" encoding="UTF-8"?>
<!-- Generated by org.testng.reporters.JUnitReportReporter -->
<testsuite skipped="0" hostname="yair-fdev" name="com.yair_f.yair_f.ElectronicNewsPaperTest" tests="1" failures="0" timestamp="30 יול 2019 09:45:30 GMT" time="16.885" errors="0">
  <testcase name="electronicNewsPaper" time="16.885" classname="com.yair_f.yair_f.ElectronicNewsPaperTest"/>
</testsuite> <!-- com.yair_f.yair_f.ElectronicNewsPaperTest -->
