<?xml version="1.0" encoding="UTF-8"?>
<!-- Generated by org.testng.reporters.JUnitReportReporter -->
<testsuite skipped="0" hostname="yair-fdev" name="com.yair_f.yair_f.AddArticleToSaveList" tests="1" failures="0" timestamp="28 יול 2019 14:10:54 GMT" time="29.730" errors="0">
  <testcase name="addArticle" time="29.730" classname="com.yair_f.yair_f.AddArticleToSaveList"/>
</testsuite> <!-- com.yair_f.yair_f.AddArticleToSaveList -->
