<?xml version="1.0" encoding="UTF-8"?>
<!-- Generated by org.testng.reporters.JUnitReportReporter -->
<testsuite skipped="0" hostname="yair-fdev" name="com.yair_f.yair_f.SubscribeToTevaTagitTest09" tests="1" failures="0" timestamp="28 יול 2019 15:25:18 GMT" time="14.198" errors="0">
  <testcase name="subscribeToTagit" time="14.198" classname="com.yair_f.yair_f.SubscribeToTevaTagitTest09"/>
</testsuite> <!-- com.yair_f.yair_f.SubscribeToTevaTagitTest09 -->
