<?xml version="1.0" encoding="UTF-8"?>
<!-- Generated by org.testng.reporters.JUnitReportReporter -->
<testsuite skipped="0" hostname="yair-fdev" name="com.yair_f.globesweb.LoginTest1" tests="1" failures="0" timestamp="29 אוג 2019 16:20:33 GMT" time="6.190" errors="0">
  <testcase name="loginSession" time="6.190" classname="com.yair_f.globesweb.LoginTest1"/>
</testsuite> <!-- com.yair_f.globesweb.LoginTest1 -->
