<?xml version="1.0" encoding="UTF-8"?>
<!-- Generated by org.testng.reporters.JUnitReportReporter -->
<testsuite skipped="0" hostname="yair-fdev" name="com.yair_f.yair_f.WrongPassword" tests="1" failures="0" timestamp="13 אוג 2019 12:06:53 GMT" time="9.008" errors="0">
  <testcase name="wrongPassword" time="9.008" classname="com.yair_f.yair_f.WrongPassword"/>
</testsuite> <!-- com.yair_f.yair_f.WrongPassword -->
