<?xml version="1.0" encoding="UTF-8"?>
<!-- Generated by org.testng.reporters.JUnitReportReporter -->
<testsuite skipped="0" hostname="yair-fdev" name="com.yair_f.globesweb.ShareMainArticleToFbTest9" tests="1" failures="0" timestamp="29 אוג 2019 16:39:24 GMT" time="30.028" errors="0">
  <testcase name="shareArticleToFb" time="30.028" classname="com.yair_f.globesweb.ShareMainArticleToFbTest9"/>
</testsuite> <!-- com.yair_f.globesweb.ShareMainArticleToFbTest9 -->
