<?xml version="1.0" encoding="UTF-8"?>
<!-- Generated by org.testng.reporters.JUnitReportReporter -->
<testsuite skipped="0" hostname="yair-fdev" name="com.yair_f.yair_f.SubscribeToTevaTagitTest" tests="1" failures="0" timestamp="30 יול 2019 10:13:54 GMT" time="13.595" errors="0">
  <testcase name="subscribeToTagit" time="13.595" classname="com.yair_f.yair_f.SubscribeToTevaTagitTest"/>
</testsuite> <!-- com.yair_f.yair_f.SubscribeToTevaTagitTest -->
