<?xml version="1.0" encoding="UTF-8"?>
<!-- Generated by org.testng.reporters.JUnitReportReporter -->
<testsuite skipped="0" hostname="yair-fdev" name="com.yair_f.globesweb.globesLogin" tests="1" failures="0" timestamp="28 אוג 2019 15:02:58 GMT" time="11.459" errors="0">
  <testcase name="login" time="11.459" classname="com.yair_f.globesweb.globesLogin"/>
</testsuite> <!-- com.yair_f.globesweb.globesLogin -->
