<?xml version="1.0" encoding="UTF-8"?>
<!-- Generated by org.testng.reporters.JUnitReportReporter -->
<testsuite skipped="0" hostname="yair-fdev" name="com.globes.purchase.screens.ScreenPurchase1" tests="1" failures="0" timestamp="21 אוג 2019 14:12:08 GMT" time="5.215" errors="0">
  <testcase name="mainScreen" time="5.215" classname="com.globes.purchase.screens.ScreenPurchase1"/>
</testsuite> <!-- com.globes.purchase.screens.ScreenPurchase1 -->
