<?xml version="1.0" encoding="UTF-8"?>
<!-- Generated by org.testng.reporters.JUnitReportReporter -->
<testsuite skipped="0" hostname="yair-fdev" name="com.yair_f.yair_f.AddArticleToSaveListTest10" tests="1" failures="0" timestamp="28 יול 2019 15:19:05 GMT" time="20.741" errors="0">
  <testcase name="addArticle" time="20.741" classname="com.yair_f.yair_f.AddArticleToSaveListTest10"/>
</testsuite> <!-- com.yair_f.yair_f.AddArticleToSaveListTest10 -->
