<?xml version="1.0" encoding="UTF-8"?>
<!-- Generated by org.testng.reporters.JUnitReportReporter -->
<testsuite skipped="0" hostname="yair-fdev" name="com.yair_f.globesweb.ElectronicNewsPaperTest8" tests="1" failures="0" timestamp="29 אוג 2019 15:26:58 GMT" time="14.394" errors="0">
  <testcase name="electronicNewsPaper" time="14.394" classname="com.yair_f.globesweb.ElectronicNewsPaperTest8"/>
</testsuite> <!-- com.yair_f.globesweb.ElectronicNewsPaperTest8 -->
