<?xml version="1.0" encoding="UTF-8"?>
<!-- Generated by org.testng.reporters.JUnitReportReporter -->
<testsuite skipped="0" hostname="yair-fdev" name="com.yair_f.yair_f.ShareMainArticleToFbTest9" tests="1" failures="0" timestamp="20 אוג 2019 12:29:41 GMT" time="35.108" errors="0">
  <testcase name="shareArticle" time="35.108" classname="com.yair_f.yair_f.ShareMainArticleToFbTest9"/>
</testsuite> <!-- com.yair_f.yair_f.ShareMainArticleToFbTest9 -->
