<?xml version="1.0" encoding="UTF-8"?>
<!-- Generated by org.testng.reporters.JUnitReportReporter -->
<testsuite skipped="0" hostname="yair-fdev" name="com.yair_f.yair_f.ShareArticleToFbTest" tests="1" failures="0" timestamp="30 יול 2019 10:13:04 GMT" time="36.727" errors="0">
  <testcase name="shareArticle" time="36.727" classname="com.yair_f.yair_f.ShareArticleToFbTest"/>
</testsuite> <!-- com.yair_f.yair_f.ShareArticleToFbTest -->
