<?xml version="1.0" encoding="UTF-8"?>
<!-- Generated by org.testng.reporters.JUnitReportReporter -->
<testsuite skipped="0" hostname="yair-fdev" name="com.yair_f.yair_f.RegularLoginTest" tests="1" failures="0" timestamp="17 יול 2019 12:24:38 GMT" time="16.567" errors="0">
  <testcase name="LoginSession" time="16.567" classname="com.yair_f.yair_f.RegularLoginTest"/>
</testsuite> <!-- com.yair_f.yair_f.RegularLoginTest -->
