<?xml version="1.0" encoding="UTF-8"?>
<!-- Generated by org.testng.reporters.JUnitReportReporter -->
<testsuite skipped="0" hostname="yair-fdev" name="com.yair_f.globesweb.LogOutTest2" tests="1" failures="0" timestamp="29 אוג 2019 16:21:01 GMT" time="12.305" errors="0">
  <testcase name="disconnectUser" time="12.305" classname="com.yair_f.globesweb.LogOutTest2"/>
</testsuite> <!-- com.yair_f.globesweb.LogOutTest2 -->
