<?xml version="1.0" encoding="UTF-8"?>
<!-- Generated by org.testng.reporters.JUnitReportReporter -->
<testsuite skipped="0" hostname="yair-fdev" name="com.yair_f.yair_f.RegisterToGlobes" tests="1" failures="0" timestamp="22 יול 2019 15:33:38 GMT" time="11.139" errors="0">
  <testcase name="registration" time="11.139" classname="com.yair_f.yair_f.RegisterToGlobes"/>
</testsuite> <!-- com.yair_f.yair_f.RegisterToGlobes -->
