<?xml version="1.0" encoding="UTF-8"?>
<!-- Generated by org.testng.reporters.JUnitReportReporter -->
<testsuite skipped="0" hostname="yair-fdev" name="com.yair_f.yair_f.ForgotPasswordTest4" tests="1" failures="0" timestamp="31 יול 2019 13:12:09 GMT" time="30.969" errors="0">
  <testcase name="resetPassword" time="30.969" classname="com.yair_f.yair_f.ForgotPasswordTest4"/>
</testsuite> <!-- com.yair_f.yair_f.ForgotPasswordTest4 -->
