<?xml version="1.0" encoding="UTF-8"?>
<!-- Generated by org.testng.reporters.JUnitReportReporter -->
<testsuite skipped="0" hostname="yair-fdev" name="com.yair_f.globesweb.WrongPasswordTest11" tests="1" failures="0" timestamp="29 אוג 2019 13:50:59 GMT" time="7.779" errors="0">
  <testcase name="wrongPassword" time="7.779" classname="com.yair_f.globesweb.WrongPasswordTest11"/>
</testsuite> <!-- com.yair_f.globesweb.WrongPasswordTest11 -->
