<?xml version="1.0" encoding="UTF-8"?>
<!-- Generated by org.testng.reporters.JUnitReportReporter -->
<testsuite skipped="0" hostname="yair-fdev" name="com.yair_f.yair_f.LogOutTest" tests="1" failures="0" timestamp="29 יול 2019 09:07:21 GMT" time="2.868" errors="0">
  <testcase name="disconnectUser" time="2.868" classname="com.yair_f.yair_f.LogOutTest"/>
</testsuite> <!-- com.yair_f.yair_f.LogOutTest -->
