<?xml version="1.0" encoding="UTF-8"?>
<!-- Generated by org.testng.reporters.JUnitReportReporter -->
<testsuite skipped="0" hostname="yair-fdev" name="com.yair_f.globesweb.RegisterToGlobesTest4" tests="1" failures="0" timestamp="29 אוג 2019 16:38:03 GMT" time="6.061" errors="0">
  <testcase name="registration" time="6.061" classname="com.yair_f.globesweb.RegisterToGlobesTest4"/>
</testsuite> <!-- com.yair_f.globesweb.RegisterToGlobesTest4 -->
