<?xml version="1.0" encoding="UTF-8"?>
<!-- Generated by org.testng.reporters.JUnitReportReporter -->
<testsuite skipped="0" hostname="yair-fdev" name="com.yair_f.yair_f.RegisterToGlobesTest" tests="1" failures="0" timestamp="30 יול 2019 10:12:11 GMT" time="18.565" errors="0">
  <testcase name="registration" time="18.565" classname="com.yair_f.yair_f.RegisterToGlobesTest"/>
</testsuite> <!-- com.yair_f.yair_f.RegisterToGlobesTest -->
