<?xml version="1.0" encoding="UTF-8"?>
<!-- Generated by org.testng.reporters.JUnitReportReporter -->
<testsuite skipped="0" hostname="yair-fdev" name="com.yair_f.yair_f.FacebookLoginTest" tests="1" failures="0" timestamp="30 יול 2019 10:08:34 GMT" time="14.719" errors="0">
  <testcase name="login" time="14.719" classname="com.yair_f.yair_f.FacebookLoginTest"/>
</testsuite> <!-- com.yair_f.yair_f.FacebookLoginTest -->
