<?xml version="1.0" encoding="UTF-8"?>
<!-- Generated by org.testng.reporters.JUnitReportReporter -->
<testsuite skipped="0" hostname="yair-fdev" name="com.yair_f.yair_f.ShareArticleToFb" tests="1" failures="0" timestamp="24 יול 2019 13:45:54 GMT" time="54.308" errors="0">
  <testcase name="shareArticle" time="54.308" classname="com.yair_f.yair_f.ShareArticleToFb"/>
</testsuite> <!-- com.yair_f.yair_f.ShareArticleToFb -->
