<?xml version="1.0" encoding="UTF-8"?>
<!-- Generated by org.testng.reporters.JUnitReportReporter -->
<testsuite skipped="0" hostname="yair-fdev" name="com.yair_f.yair_f.SubscribeToTevaTagit" tests="1" failures="0" timestamp="25 יול 2019 15:04:22 GMT" time="17.023" errors="0">
  <testcase name="subscribeToTagit" time="17.023" classname="com.yair_f.yair_f.SubscribeToTevaTagit"/>
</testsuite> <!-- com.yair_f.yair_f.SubscribeToTevaTagit -->
