<?xml version="1.0" encoding="UTF-8"?>
<!-- Generated by org.testng.reporters.JUnitReportReporter -->
<testsuite skipped="0" hostname="yair-fdev" name="com.yair_f.yair_f.LoginTest1" tests="1" failures="0" timestamp="20 אוג 2019 14:30:50 GMT" time="5.930" errors="0">
  <testcase name="loginSession" time="5.930" classname="com.yair_f.yair_f.LoginTest1"/>
</testsuite> <!-- com.yair_f.yair_f.LoginTest1 -->
