<?xml version="1.0" encoding="UTF-8"?>
<!-- Generated by org.testng.reporters.JUnitReportReporter -->
<testsuite skipped="0" hostname="yair-fdev" name="com.yair_f.yair_f.WrongPasswordTest11" tests="1" failures="0" timestamp="20 אוג 2019 12:29:41 GMT" time="10.859" errors="0">
  <testcase name="wrongPassword" time="10.859" classname="com.yair_f.yair_f.WrongPasswordTest11"/>
</testsuite> <!-- com.yair_f.yair_f.WrongPasswordTest11 -->
