<?xml version="1.0" encoding="UTF-8"?>
<!-- Generated by org.testng.reporters.JUnitReportReporter -->
<testsuite skipped="0" hostname="yair-fdev" name="com.yair_f.yair_f.FacebookLogin" tests="1" failures="0" timestamp="28 יול 2019 13:57:43 GMT" time="13.895" errors="0">
  <testcase name="login" time="13.895" classname="com.yair_f.yair_f.FacebookLogin"/>
</testsuite> <!-- com.yair_f.yair_f.FacebookLogin -->
