<?xml version="1.0" encoding="UTF-8"?>
<!-- Generated by org.testng.reporters.JUnitReportReporter -->
<testsuite skipped="0" hostname="yair-fdev" name="com.yair_f.yair_f.GoogleLoginTest" tests="1" failures="0" timestamp="30 יול 2019 10:09:36 GMT" time="7.175" errors="0">
  <testcase name="login" time="7.175" classname="com.yair_f.yair_f.GoogleLoginTest"/>
</testsuite> <!-- com.yair_f.yair_f.GoogleLoginTest -->
