<?xml version="1.0" encoding="UTF-8"?>
<!-- Generated by org.testng.reporters.JUnitReportReporter -->
<testsuite skipped="0" hostname="yair-fdev" name="com.yair_f.yair_f.ForgotPasswordTest" tests="1" failures="0" timestamp="31 יול 2019 08:51:23 GMT" time="18.488" errors="0">
  <testcase name="resetPassword" time="18.488" classname="com.yair_f.yair_f.ForgotPasswordTest"/>
</testsuite> <!-- com.yair_f.yair_f.ForgotPasswordTest -->
