<?xml version="1.0" encoding="UTF-8"?>
<!-- Generated by org.testng.reporters.JUnitReportReporter -->
<testsuite skipped="0" hostname="yair-fdev" name="com.yair_f.yair_f.LoginDisconnect" tests="1" failures="0" timestamp="17 יול 2019 09:19:17 GMT" time="0.018" errors="0">
  <testcase name="DisconnectUser" time="0.018" classname="com.yair_f.yair_f.LoginDisconnect"/>
</testsuite> <!-- com.yair_f.yair_f.LoginDisconnect -->
