<?xml version="1.0" encoding="UTF-8"?>
<!-- Generated by org.testng.reporters.JUnitReportReporter -->
<testsuite skipped="0" hostname="yair-fdev" name="com.yair_f.yair_f.GoogleLogin" tests="1" failures="0" timestamp="18 יול 2019 14:26:44 GMT" time="34.592" errors="0">
  <testcase name="Login" time="34.592" classname="com.yair_f.yair_f.GoogleLogin"/>
</testsuite> <!-- com.yair_f.yair_f.GoogleLogin -->
