<?xml version="1.0" encoding="UTF-8"?>
<!-- Generated by org.testng.reporters.JUnitReportReporter -->
<testsuite skipped="0" hostname="yair-fdev" name="com.yair_f.yair_f.LoginTest" tests="1" failures="0" timestamp="31 יול 2019 12:46:32 GMT" time="27.654" errors="0">
  <testcase name="loginSession" time="27.654" classname="com.yair_f.yair_f.LoginTest"/>
</testsuite> <!-- com.yair_f.yair_f.LoginTest -->
